<?xml version="1.0" encoding="UTF-8"?>
<!-- Generated by org.testng.reporters.JUnitReportReporter -->
<testsuite hostname="DESKTOP-1B36RB4" failures="0" tests="1" name="tests.TestCase24" time="22.231" errors="0" timestamp="2024-10-17T04:26:52 EEST" skipped="0">
  <testcase classname="tests.TestCase24" name="VerifyAddressDetailsInCheckoutPage" time="22.231"/>
</testsuite> <!-- tests.TestCase24 -->
