<?xml version="1.0" encoding="UTF-8"?>
<!-- Generated by org.testng.reporters.JUnitReportReporter -->
<testsuite hostname="DESKTOP-1B36RB4" failures="0" tests="1" name="tests.TestCase22" time="7.307" errors="0" timestamp="2024-10-17T01:46:45 EEST" skipped="0">
  <testcase classname="tests.TestCase22" name="addToCartFromRecommendedItems" time="7.307"/>
</testsuite> <!-- tests.TestCase22 -->
