<?xml version="1.0" encoding="UTF-8"?>
<!-- Generated by org.testng.reporters.JUnitReportReporter -->
<testsuite hostname="DESKTOP-1B36RB4" failures="0" tests="1" name="tests.TestCase23" time="21.080" errors="0" timestamp="2024-10-17T03:13:25 EEST" skipped="0">
  <testcase classname="tests.TestCase23" name="VerifyAddressDetailsInCheckoutPage" time="21.080"/>
</testsuite> <!-- tests.TestCase23 -->
